<?xml version="1.0" encoding="UTF-8"?>
<robot generator="Robot 7.0.1 (Python 3.12.4 on win32)" generated="2024-08-17T17:07:47.552602" rpa="false" schemaversion="5">
<suite id="s1" name="New" source="C:\Users\bisma\PycharmProjects\pythonProject1\new\new.robot">
<test id="s1-t1" name="Scenario: User can open the Google homepage" line="9">
<kw name="Given the browser is open">
<kw name="Open Browser" owner="SeleniumLibrary">
<msg time="2024-08-17T17:07:47.775812" level="INFO">Opening browser 'Chrome' to base url 'https://www.google.com'.</msg>
<arg>${URL}</arg>
<arg>${BROWSER}</arg>
<doc>Opens a new browser instance to the optional ``url``.</doc>
<status status="PASS" start="2024-08-17T17:07:47.775812" elapsed="2.763771"/>
</kw>
<arg>${BROWSER}</arg>
<status status="PASS" start="2024-08-17T17:07:47.775812" elapsed="2.763771"/>
</kw>
<kw name="When I navigate to the homepage">
<kw name="Go To" owner="SeleniumLibrary">
<msg time="2024-08-17T17:07:50.541608" level="INFO">Opening url 'https://www.google.com'</msg>
<arg>${URL}</arg>
<doc>Navigates the current browser window to the provided ``url``.</doc>
<status status="PASS" start="2024-08-17T17:07:50.540599" elapsed="0.452016"/>
</kw>
<status status="PASS" start="2024-08-17T17:07:50.540599" elapsed="0.452016"/>
</kw>
<kw name="Then the title should be Google">
<kw name="Title Should Be" owner="SeleniumLibrary">
<msg time="2024-08-17T17:07:50.998527" level="INFO">Page title is 'Google'.</msg>
<arg>Google</arg>
<doc>Verifies that the current page title equals ``title``.</doc>
<status status="PASS" start="2024-08-17T17:07:50.993614" elapsed="0.004913"/>
</kw>
<status status="PASS" start="2024-08-17T17:07:50.993614" elapsed="0.004913"/>
</kw>
<status status="PASS" start="2024-08-17T17:07:47.775812" elapsed="3.223715"/>
</test>
<status status="PASS" start="2024-08-17T17:07:47.552602" elapsed="3.446925"/>
</suite>
<statistics>
<total>
<stat pass="1" fail="0" skip="0">All Tests</stat>
</total>
<tag>
</tag>
<suite>
<stat pass="1" fail="0" skip="0" id="s1" name="New">New</stat>
</suite>
</statistics>
<errors>
</errors>
</robot>
